<?xml version="1.0" encoding="UTF-8"?>
<testsuite name="ChatServiceTest" tests="8" skipped="0" failures="0" errors="0" timestamp="2023-07-25T12:39:00" hostname="ARTEM_NOTEBOOK" time="0.606">
  <properties/>
  <testcase name="testDeleteChat_Exception" classname="ChatServiceTest" time="0.028"/>
  <testcase name="testDeleteMessage" classname="ChatServiceTest" time="0.478"/>
  <testcase name="testGetChats" classname="ChatServiceTest" time="0.003"/>
  <testcase name="testGetLastMessages" classname="ChatServiceTest" time="0.009"/>
  <testcase name="testGetMessagesFromChat" classname="ChatServiceTest" time="0.082"/>
  <testcase name="testCreateChatAndSendMessage" classname="ChatServiceTest" time="0.001"/>
  <testcase name="testDeleteChat" classname="ChatServiceTest" time="0.0"/>
  <testcase name="testDeleteMessage_Exception" classname="ChatServiceTest" time="0.001"/>
  <system-out><![CDATA[]]></system-out>
  <system-err><![CDATA[]]></system-err>
</testsuite>
